2023-12-26 20:45:53,057 INFO [restartedMain] c.b.CommunityApplication [StartupInfoLogger.java:50] Starting CommunityApplication using Java 17.0.8 with PID 17337 (/Users/qianlong/Git/Study/project/work/niuke-project/community/target/classes started by qianlong in /Users/qianlong/Git/Study/project/work/niuke-project)
2023-12-26 20:45:53,059 INFO [restartedMain] c.b.CommunityApplication [SpringApplication.java:653] No active profile set, falling back to 1 default profile: "default"
2023-12-26 20:45:53,087 INFO [restartedMain] o.s.b.d.e.DevToolsPropertyDefaultsPostProcessor [DeferredLog.java:252] Devtools property defaults active! Set 'spring.devtools.add-properties' to 'false' to disable
2023-12-26 20:45:53,087 INFO [restartedMain] o.s.b.d.e.DevToolsPropertyDefaultsPostProcessor [DeferredLog.java:252] For additional web related logging consider setting the 'logging.level.web' property to 'DEBUG'
2023-12-26 20:45:53,562 INFO [restartedMain] o.s.b.w.e.t.TomcatWebServer [TomcatWebServer.java:108] Tomcat initialized with port 8080 (http)
2023-12-26 20:45:53,566 INFO [restartedMain] o.a.c.h.Http11NioProtocol [DirectJDKLog.java:173] Initializing ProtocolHandler ["http-nio-8080"]
2023-12-26 20:45:53,566 INFO [restartedMain] o.a.c.c.StandardService [DirectJDKLog.java:173] Starting service [Tomcat]
2023-12-26 20:45:53,566 INFO [restartedMain] o.a.c.c.StandardEngine [DirectJDKLog.java:173] Starting Servlet engine: [Apache Tomcat/10.1.16]
2023-12-26 20:45:53,583 INFO [restartedMain] o.a.c.c.C.[.[.[/community] [DirectJDKLog.java:173] Initializing Spring embedded WebApplicationContext
2023-12-26 20:45:53,584 INFO [restartedMain] o.s.b.w.s.c.ServletWebServerApplicationContext [ServletWebServerApplicationContext.java:296] Root WebApplicationContext: initialization completed in 496 ms
2023-12-26 20:45:53,738 INFO [restartedMain] o.s.b.a.w.s.WelcomePageHandlerMapping [WelcomePageHandlerMapping.java:59] Adding welcome page template: index
2023-12-26 20:45:53,953 INFO [restartedMain] o.s.b.d.a.OptionalLiveReloadServer [OptionalLiveReloadServer.java:59] LiveReload server is running on port 35729
2023-12-26 20:45:53,961 INFO [restartedMain] o.a.c.h.Http11NioProtocol [DirectJDKLog.java:173] Starting ProtocolHandler ["http-nio-8080"]
2023-12-26 20:45:53,969 INFO [restartedMain] o.s.b.w.e.t.TomcatWebServer [TomcatWebServer.java:221] Tomcat started on port 8080 (http) with context path '/community'
2023-12-26 20:45:53,973 INFO [restartedMain] c.b.CommunityApplication [StartupInfoLogger.java:56] Started CommunityApplication in 1.167 seconds (process running for 1.487)
2023-12-26 20:46:12,397 INFO [http-nio-8080-exec-1] o.a.c.c.C.[.[.[/community] [DirectJDKLog.java:173] Initializing Spring DispatcherServlet 'dispatcherServlet'
2023-12-26 20:46:12,398 INFO [http-nio-8080-exec-1] o.s.w.s.DispatcherServlet [FrameworkServlet.java:532] Initializing Servlet 'dispatcherServlet'
2023-12-26 20:46:12,400 INFO [http-nio-8080-exec-1] o.s.w.s.DispatcherServlet [FrameworkServlet.java:554] Completed initialization in 2 ms
2023-12-26 20:46:12,440 INFO [http-nio-8080-exec-1] c.z.h.HikariDataSource [HikariDataSource.java:110] HikariPool-1 - Starting...
2023-12-26 20:46:12,688 INFO [http-nio-8080-exec-1] c.z.h.p.HikariPool [HikariPool.java:565] HikariPool-1 - Added connection com.mysql.cj.jdbc.ConnectionImpl@4061637
2023-12-26 20:46:12,689 INFO [http-nio-8080-exec-1] c.z.h.HikariDataSource [HikariDataSource.java:123] HikariPool-1 - Start completed.
2023-12-26 20:47:10,374 INFO [File Watcher] o.s.b.d.a.LocalDevToolsAutoConfiguration$RestartingClassPathChangeChangedEventListener [LocalDevToolsAutoConfiguration.java:211] Restarting due to 4 class path changes (2 additions, 0 deletions, 2 modifications)
2023-12-26 20:47:10,387 INFO [Thread-5] o.a.c.h.Http11NioProtocol [DirectJDKLog.java:173] Stopping ProtocolHandler ["http-nio-8080"]
2023-12-26 20:47:10,399 INFO [Thread-5] c.z.h.HikariDataSource [HikariDataSource.java:350] HikariPool-1 - Shutdown initiated...
2023-12-26 20:47:10,563 INFO [Thread-5] c.z.h.HikariDataSource [HikariDataSource.java:352] HikariPool-1 - Shutdown completed.
2023-12-26 20:47:10,644 INFO [restartedMain] c.b.CommunityApplication [StartupInfoLogger.java:50] Starting CommunityApplication using Java 17.0.8 with PID 17337 (/Users/qianlong/Git/Study/project/work/niuke-project/community/target/classes started by qianlong in /Users/qianlong/Git/Study/project/work/niuke-project)
2023-12-26 20:47:10,645 INFO [restartedMain] c.b.CommunityApplication [SpringApplication.java:653] No active profile set, falling back to 1 default profile: "default"
2023-12-26 20:47:10,767 INFO [restartedMain] o.s.b.w.e.t.TomcatWebServer [TomcatWebServer.java:108] Tomcat initialized with port 8080 (http)
2023-12-26 20:47:10,768 INFO [restartedMain] o.a.c.h.Http11NioProtocol [DirectJDKLog.java:173] Initializing ProtocolHandler ["http-nio-8080"]
2023-12-26 20:47:10,768 INFO [restartedMain] o.a.c.c.StandardService [DirectJDKLog.java:173] Starting service [Tomcat]
2023-12-26 20:47:10,768 INFO [restartedMain] o.a.c.c.StandardEngine [DirectJDKLog.java:173] Starting Servlet engine: [Apache Tomcat/10.1.16]
2023-12-26 20:47:10,774 INFO [restartedMain] o.a.c.c.C.[.[.[/community] [DirectJDKLog.java:173] Initializing Spring embedded WebApplicationContext
2023-12-26 20:47:10,774 INFO [restartedMain] o.s.b.w.s.c.ServletWebServerApplicationContext [ServletWebServerApplicationContext.java:296] Root WebApplicationContext: initialization completed in 128 ms
2023-12-26 20:47:10,815 INFO [restartedMain] o.s.b.a.w.s.WelcomePageHandlerMapping [WelcomePageHandlerMapping.java:59] Adding welcome page template: index
2023-12-26 20:47:10,855 INFO [restartedMain] o.s.b.d.a.OptionalLiveReloadServer [OptionalLiveReloadServer.java:59] LiveReload server is running on port 35729
2023-12-26 20:47:10,859 INFO [restartedMain] o.a.c.h.Http11NioProtocol [DirectJDKLog.java:173] Starting ProtocolHandler ["http-nio-8080"]
2023-12-26 20:47:10,860 INFO [restartedMain] o.s.b.w.e.t.TomcatWebServer [TomcatWebServer.java:221] Tomcat started on port 8080 (http) with context path '/community'
2023-12-26 20:47:10,862 INFO [restartedMain] c.b.CommunityApplication [StartupInfoLogger.java:56] Started CommunityApplication in 0.238 seconds (process running for 78.375)
2023-12-26 20:47:10,863 INFO [restartedMain] o.s.b.d.a.ConditionEvaluationDeltaLoggingListener [ConditionEvaluationDeltaLoggingListener.java:63] Condition evaluation unchanged
2023-12-26 20:47:14,216 INFO [http-nio-8080-exec-1] o.a.c.c.C.[.[.[/community] [DirectJDKLog.java:173] Initializing Spring DispatcherServlet 'dispatcherServlet'
2023-12-26 20:47:14,216 INFO [http-nio-8080-exec-1] o.s.w.s.DispatcherServlet [FrameworkServlet.java:532] Initializing Servlet 'dispatcherServlet'
2023-12-26 20:47:14,218 INFO [http-nio-8080-exec-1] o.s.w.s.DispatcherServlet [FrameworkServlet.java:554] Completed initialization in 1 ms
2023-12-26 20:47:14,225 INFO [http-nio-8080-exec-1] c.z.h.HikariDataSource [HikariDataSource.java:110] HikariPool-2 - Starting...
2023-12-26 20:47:14,350 INFO [http-nio-8080-exec-1] c.z.h.p.HikariPool [HikariPool.java:565] HikariPool-2 - Added connection com.mysql.cj.jdbc.ConnectionImpl@33c1eaf9
2023-12-26 20:47:14,351 INFO [http-nio-8080-exec-1] c.z.h.HikariDataSource [HikariDataSource.java:123] HikariPool-2 - Start completed.
2023-12-26 20:48:28,274 INFO [File Watcher] o.s.b.d.a.LocalDevToolsAutoConfiguration$RestartingClassPathChangeChangedEventListener [LocalDevToolsAutoConfiguration.java:211] Restarting due to 1 class path change (0 additions, 0 deletions, 1 modification)
2023-12-26 20:48:28,278 INFO [Thread-7] o.a.c.h.Http11NioProtocol [DirectJDKLog.java:173] Stopping ProtocolHandler ["http-nio-8080"]
2023-12-26 20:48:28,282 INFO [Thread-7] c.z.h.HikariDataSource [HikariDataSource.java:350] HikariPool-2 - Shutdown initiated...
2023-12-26 20:48:28,367 INFO [Thread-7] c.z.h.HikariDataSource [HikariDataSource.java:352] HikariPool-2 - Shutdown completed.
2023-12-26 20:48:28,422 INFO [restartedMain] c.b.CommunityApplication [StartupInfoLogger.java:50] Starting CommunityApplication using Java 17.0.8 with PID 17337 (/Users/qianlong/Git/Study/project/work/niuke-project/community/target/classes started by qianlong in /Users/qianlong/Git/Study/project/work/niuke-project)
2023-12-26 20:48:28,422 INFO [restartedMain] c.b.CommunityApplication [SpringApplication.java:653] No active profile set, falling back to 1 default profile: "default"
2023-12-26 20:48:28,548 INFO [restartedMain] o.s.b.w.e.t.TomcatWebServer [TomcatWebServer.java:108] Tomcat initialized with port 8080 (http)
2023-12-26 20:48:28,548 INFO [restartedMain] o.a.c.h.Http11NioProtocol [DirectJDKLog.java:173] Initializing ProtocolHandler ["http-nio-8080"]
2023-12-26 20:48:28,548 INFO [restartedMain] o.a.c.c.StandardService [DirectJDKLog.java:173] Starting service [Tomcat]
2023-12-26 20:48:28,548 INFO [restartedMain] o.a.c.c.StandardEngine [DirectJDKLog.java:173] Starting Servlet engine: [Apache Tomcat/10.1.16]
2023-12-26 20:48:28,557 INFO [restartedMain] o.a.c.c.C.[.[.[/community] [DirectJDKLog.java:173] Initializing Spring embedded WebApplicationContext
2023-12-26 20:48:28,558 INFO [restartedMain] o.s.b.w.s.c.ServletWebServerApplicationContext [ServletWebServerApplicationContext.java:296] Root WebApplicationContext: initialization completed in 135 ms
2023-12-26 20:48:28,606 INFO [restartedMain] o.s.b.a.w.s.WelcomePageHandlerMapping [WelcomePageHandlerMapping.java:59] Adding welcome page template: index
2023-12-26 20:48:28,644 INFO [restartedMain] o.s.b.d.a.OptionalLiveReloadServer [OptionalLiveReloadServer.java:59] LiveReload server is running on port 35729
2023-12-26 20:48:28,649 INFO [restartedMain] o.a.c.h.Http11NioProtocol [DirectJDKLog.java:173] Starting ProtocolHandler ["http-nio-8080"]
2023-12-26 20:48:28,651 INFO [restartedMain] o.s.b.w.e.t.TomcatWebServer [TomcatWebServer.java:221] Tomcat started on port 8080 (http) with context path '/community'
2023-12-26 20:48:28,653 INFO [restartedMain] c.b.CommunityApplication [StartupInfoLogger.java:56] Started CommunityApplication in 0.248 seconds (process running for 156.166)
2023-12-26 20:48:28,654 INFO [restartedMain] o.s.b.d.a.ConditionEvaluationDeltaLoggingListener [ConditionEvaluationDeltaLoggingListener.java:63] Condition evaluation unchanged
2023-12-26 20:52:34,349 INFO [http-nio-8080-exec-1] o.a.c.c.C.[.[.[/community] [DirectJDKLog.java:173] Initializing Spring DispatcherServlet 'dispatcherServlet'
2023-12-26 20:52:34,350 INFO [http-nio-8080-exec-1] o.s.w.s.DispatcherServlet [FrameworkServlet.java:532] Initializing Servlet 'dispatcherServlet'
2023-12-26 20:52:34,354 INFO [http-nio-8080-exec-1] o.s.w.s.DispatcherServlet [FrameworkServlet.java:554] Completed initialization in 4 ms
2023-12-26 20:52:34,364 INFO [http-nio-8080-exec-1] c.z.h.HikariDataSource [HikariDataSource.java:110] HikariPool-3 - Starting...
2023-12-26 20:52:34,481 INFO [http-nio-8080-exec-1] c.z.h.p.HikariPool [HikariPool.java:565] HikariPool-3 - Added connection com.mysql.cj.jdbc.ConnectionImpl@320bac34
2023-12-26 20:52:34,484 INFO [http-nio-8080-exec-1] c.z.h.HikariDataSource [HikariDataSource.java:123] HikariPool-3 - Start completed.
2023-12-26 20:53:07,953 INFO [File Watcher] o.s.b.d.a.LocalDevToolsAutoConfiguration$RestartingClassPathChangeChangedEventListener [LocalDevToolsAutoConfiguration.java:211] Restarting due to 1 class path change (0 additions, 0 deletions, 1 modification)
2023-12-26 20:53:07,960 INFO [Thread-11] o.a.c.h.Http11NioProtocol [DirectJDKLog.java:173] Stopping ProtocolHandler ["http-nio-8080"]
2023-12-26 20:53:07,967 INFO [Thread-11] c.z.h.HikariDataSource [HikariDataSource.java:350] HikariPool-3 - Shutdown initiated...
2023-12-26 20:53:08,054 INFO [Thread-11] c.z.h.HikariDataSource [HikariDataSource.java:352] HikariPool-3 - Shutdown completed.
2023-12-26 20:53:08,133 INFO [restartedMain] c.b.CommunityApplication [StartupInfoLogger.java:50] Starting CommunityApplication using Java 17.0.8 with PID 17337 (/Users/qianlong/Git/Study/project/work/niuke-project/community/target/classes started by qianlong in /Users/qianlong/Git/Study/project/work/niuke-project)
2023-12-26 20:53:08,133 INFO [restartedMain] c.b.CommunityApplication [SpringApplication.java:653] No active profile set, falling back to 1 default profile: "default"
2023-12-26 20:53:08,259 INFO [restartedMain] o.s.b.w.e.t.TomcatWebServer [TomcatWebServer.java:108] Tomcat initialized with port 8080 (http)
2023-12-26 20:53:08,259 INFO [restartedMain] o.a.c.h.Http11NioProtocol [DirectJDKLog.java:173] Initializing ProtocolHandler ["http-nio-8080"]
2023-12-26 20:53:08,259 INFO [restartedMain] o.a.c.c.StandardService [DirectJDKLog.java:173] Starting service [Tomcat]
2023-12-26 20:53:08,259 INFO [restartedMain] o.a.c.c.StandardEngine [DirectJDKLog.java:173] Starting Servlet engine: [Apache Tomcat/10.1.16]
2023-12-26 20:53:08,266 INFO [restartedMain] o.a.c.c.C.[.[.[/community] [DirectJDKLog.java:173] Initializing Spring embedded WebApplicationContext
2023-12-26 20:53:08,266 INFO [restartedMain] o.s.b.w.s.c.ServletWebServerApplicationContext [ServletWebServerApplicationContext.java:296] Root WebApplicationContext: initialization completed in 132 ms
2023-12-26 20:53:08,307 INFO [restartedMain] o.s.b.a.w.s.WelcomePageHandlerMapping [WelcomePageHandlerMapping.java:59] Adding welcome page template: index
2023-12-26 20:53:08,342 INFO [restartedMain] o.s.b.d.a.OptionalLiveReloadServer [OptionalLiveReloadServer.java:59] LiveReload server is running on port 35729
2023-12-26 20:53:08,346 INFO [restartedMain] o.a.c.h.Http11NioProtocol [DirectJDKLog.java:173] Starting ProtocolHandler ["http-nio-8080"]
2023-12-26 20:53:08,347 INFO [restartedMain] o.s.b.w.e.t.TomcatWebServer [TomcatWebServer.java:221] Tomcat started on port 8080 (http) with context path '/community'
2023-12-26 20:53:08,349 INFO [restartedMain] c.b.CommunityApplication [StartupInfoLogger.java:56] Started CommunityApplication in 0.236 seconds (process running for 435.859)
2023-12-26 20:53:08,350 INFO [restartedMain] o.s.b.d.a.ConditionEvaluationDeltaLoggingListener [ConditionEvaluationDeltaLoggingListener.java:63] Condition evaluation unchanged
2023-12-26 20:56:39,603 INFO [File Watcher] o.s.b.d.a.LocalDevToolsAutoConfiguration$RestartingClassPathChangeChangedEventListener [LocalDevToolsAutoConfiguration.java:211] Restarting due to 1 class path change (0 additions, 0 deletions, 1 modification)
2023-12-26 20:56:39,623 INFO [Thread-15] o.a.c.h.Http11NioProtocol [DirectJDKLog.java:173] Stopping ProtocolHandler ["http-nio-8080"]
2023-12-26 20:56:39,692 INFO [restartedMain] c.b.CommunityApplication [StartupInfoLogger.java:50] Starting CommunityApplication using Java 17.0.8 with PID 17337 (/Users/qianlong/Git/Study/project/work/niuke-project/community/target/classes started by qianlong in /Users/qianlong/Git/Study/project/work/niuke-project)
2023-12-26 20:56:39,693 INFO [restartedMain] c.b.CommunityApplication [SpringApplication.java:653] No active profile set, falling back to 1 default profile: "default"
2023-12-26 20:56:39,800 INFO [restartedMain] o.s.b.w.e.t.TomcatWebServer [TomcatWebServer.java:108] Tomcat initialized with port 8080 (http)
2023-12-26 20:56:39,800 INFO [restartedMain] o.a.c.h.Http11NioProtocol [DirectJDKLog.java:173] Initializing ProtocolHandler ["http-nio-8080"]
2023-12-26 20:56:39,800 INFO [restartedMain] o.a.c.c.StandardService [DirectJDKLog.java:173] Starting service [Tomcat]
2023-12-26 20:56:39,800 INFO [restartedMain] o.a.c.c.StandardEngine [DirectJDKLog.java:173] Starting Servlet engine: [Apache Tomcat/10.1.16]
2023-12-26 20:56:39,806 INFO [restartedMain] o.a.c.c.C.[.[.[/community] [DirectJDKLog.java:173] Initializing Spring embedded WebApplicationContext
2023-12-26 20:56:39,806 INFO [restartedMain] o.s.b.w.s.c.ServletWebServerApplicationContext [ServletWebServerApplicationContext.java:296] Root WebApplicationContext: initialization completed in 112 ms
2023-12-26 20:56:39,846 INFO [restartedMain] o.s.b.a.w.s.WelcomePageHandlerMapping [WelcomePageHandlerMapping.java:59] Adding welcome page template: index
2023-12-26 20:56:39,883 INFO [restartedMain] o.s.b.d.a.OptionalLiveReloadServer [OptionalLiveReloadServer.java:59] LiveReload server is running on port 35729
2023-12-26 20:56:39,887 INFO [restartedMain] o.a.c.h.Http11NioProtocol [DirectJDKLog.java:173] Starting ProtocolHandler ["http-nio-8080"]
2023-12-26 20:56:39,888 INFO [restartedMain] o.s.b.w.e.t.TomcatWebServer [TomcatWebServer.java:221] Tomcat started on port 8080 (http) with context path '/community'
2023-12-26 20:56:39,890 INFO [restartedMain] c.b.CommunityApplication [StartupInfoLogger.java:56] Started CommunityApplication in 0.217 seconds (process running for 647.398)
2023-12-26 20:56:39,891 INFO [restartedMain] o.s.b.d.a.ConditionEvaluationDeltaLoggingListener [ConditionEvaluationDeltaLoggingListener.java:63] Condition evaluation unchanged
2023-12-26 20:57:04,623 INFO [File Watcher] o.s.b.d.a.LocalDevToolsAutoConfiguration$RestartingClassPathChangeChangedEventListener [LocalDevToolsAutoConfiguration.java:211] Restarting due to 1 class path change (0 additions, 0 deletions, 1 modification)
2023-12-26 20:57:04,634 INFO [Thread-19] o.a.c.h.Http11NioProtocol [DirectJDKLog.java:173] Stopping ProtocolHandler ["http-nio-8080"]
2023-12-26 20:57:04,728 INFO [restartedMain] c.b.CommunityApplication [StartupInfoLogger.java:50] Starting CommunityApplication using Java 17.0.8 with PID 17337 (/Users/qianlong/Git/Study/project/work/niuke-project/community/target/classes started by qianlong in /Users/qianlong/Git/Study/project/work/niuke-project)
2023-12-26 20:57:04,729 INFO [restartedMain] c.b.CommunityApplication [SpringApplication.java:653] No active profile set, falling back to 1 default profile: "default"
2023-12-26 20:57:04,824 INFO [restartedMain] o.s.b.w.e.t.TomcatWebServer [TomcatWebServer.java:108] Tomcat initialized with port 8080 (http)
2023-12-26 20:57:04,824 INFO [restartedMain] o.a.c.h.Http11NioProtocol [DirectJDKLog.java:173] Initializing ProtocolHandler ["http-nio-8080"]
2023-12-26 20:57:04,825 INFO [restartedMain] o.a.c.c.StandardService [DirectJDKLog.java:173] Starting service [Tomcat]
2023-12-26 20:57:04,825 INFO [restartedMain] o.a.c.c.StandardEngine [DirectJDKLog.java:173] Starting Servlet engine: [Apache Tomcat/10.1.16]
2023-12-26 20:57:04,830 INFO [restartedMain] o.a.c.c.C.[.[.[/community] [DirectJDKLog.java:173] Initializing Spring embedded WebApplicationContext
2023-12-26 20:57:04,830 INFO [restartedMain] o.s.b.w.s.c.ServletWebServerApplicationContext [ServletWebServerApplicationContext.java:296] Root WebApplicationContext: initialization completed in 101 ms
2023-12-26 20:57:04,871 INFO [restartedMain] o.s.b.a.w.s.WelcomePageHandlerMapping [WelcomePageHandlerMapping.java:59] Adding welcome page template: index
2023-12-26 20:57:04,904 INFO [restartedMain] o.s.b.d.a.OptionalLiveReloadServer [OptionalLiveReloadServer.java:59] LiveReload server is running on port 35729
2023-12-26 20:57:04,908 INFO [restartedMain] o.a.c.h.Http11NioProtocol [DirectJDKLog.java:173] Starting ProtocolHandler ["http-nio-8080"]
2023-12-26 20:57:04,909 INFO [restartedMain] o.s.b.w.e.t.TomcatWebServer [TomcatWebServer.java:221] Tomcat started on port 8080 (http) with context path '/community'
2023-12-26 20:57:04,911 INFO [restartedMain] c.b.CommunityApplication [StartupInfoLogger.java:56] Started CommunityApplication in 0.206 seconds (process running for 672.419)
2023-12-26 20:57:04,912 INFO [restartedMain] o.s.b.d.a.ConditionEvaluationDeltaLoggingListener [ConditionEvaluationDeltaLoggingListener.java:63] Condition evaluation unchanged
2023-12-26 20:58:11,218 INFO [File Watcher] o.s.b.d.a.LocalDevToolsAutoConfiguration$RestartingClassPathChangeChangedEventListener [LocalDevToolsAutoConfiguration.java:211] Restarting due to 1 class path change (0 additions, 0 deletions, 1 modification)
2023-12-26 20:58:11,227 INFO [Thread-23] o.a.c.h.Http11NioProtocol [DirectJDKLog.java:173] Stopping ProtocolHandler ["http-nio-8080"]
2023-12-26 20:58:11,298 INFO [restartedMain] c.b.CommunityApplication [StartupInfoLogger.java:50] Starting CommunityApplication using Java 17.0.8 with PID 17337 (/Users/qianlong/Git/Study/project/work/niuke-project/community/target/classes started by qianlong in /Users/qianlong/Git/Study/project/work/niuke-project)
2023-12-26 20:58:11,298 INFO [restartedMain] c.b.CommunityApplication [SpringApplication.java:653] No active profile set, falling back to 1 default profile: "default"
2023-12-26 20:58:11,408 INFO [restartedMain] o.s.b.w.e.t.TomcatWebServer [TomcatWebServer.java:108] Tomcat initialized with port 8080 (http)
2023-12-26 20:58:11,408 INFO [restartedMain] o.a.c.h.Http11NioProtocol [DirectJDKLog.java:173] Initializing ProtocolHandler ["http-nio-8080"]
2023-12-26 20:58:11,408 INFO [restartedMain] o.a.c.c.StandardService [DirectJDKLog.java:173] Starting service [Tomcat]
2023-12-26 20:58:11,408 INFO [restartedMain] o.a.c.c.StandardEngine [DirectJDKLog.java:173] Starting Servlet engine: [Apache Tomcat/10.1.16]
2023-12-26 20:58:11,414 INFO [restartedMain] o.a.c.c.C.[.[.[/community] [DirectJDKLog.java:173] Initializing Spring embedded WebApplicationContext
2023-12-26 20:58:11,414 INFO [restartedMain] o.s.b.w.s.c.ServletWebServerApplicationContext [ServletWebServerApplicationContext.java:296] Root WebApplicationContext: initialization completed in 115 ms
2023-12-26 20:58:11,454 INFO [restartedMain] o.s.b.a.w.s.WelcomePageHandlerMapping [WelcomePageHandlerMapping.java:59] Adding welcome page template: index
2023-12-26 20:58:11,494 INFO [restartedMain] o.s.b.d.a.OptionalLiveReloadServer [OptionalLiveReloadServer.java:59] LiveReload server is running on port 35729
2023-12-26 20:58:11,501 INFO [restartedMain] o.a.c.h.Http11NioProtocol [DirectJDKLog.java:173] Starting ProtocolHandler ["http-nio-8080"]
2023-12-26 20:58:11,502 INFO [restartedMain] o.s.b.w.e.t.TomcatWebServer [TomcatWebServer.java:221] Tomcat started on port 8080 (http) with context path '/community'
2023-12-26 20:58:11,504 INFO [restartedMain] c.b.CommunityApplication [StartupInfoLogger.java:56] Started CommunityApplication in 0.221 seconds (process running for 739.011)
2023-12-26 20:58:11,505 INFO [restartedMain] o.s.b.d.a.ConditionEvaluationDeltaLoggingListener [ConditionEvaluationDeltaLoggingListener.java:63] Condition evaluation unchanged
2023-12-26 20:59:27,930 INFO [File Watcher] o.s.b.d.a.LocalDevToolsAutoConfiguration$RestartingClassPathChangeChangedEventListener [LocalDevToolsAutoConfiguration.java:211] Restarting due to 1 class path change (0 additions, 0 deletions, 1 modification)
2023-12-26 20:59:27,940 INFO [Thread-27] o.a.c.h.Http11NioProtocol [DirectJDKLog.java:173] Stopping ProtocolHandler ["http-nio-8080"]
2023-12-26 20:59:28,027 INFO [restartedMain] c.b.CommunityApplication [StartupInfoLogger.java:50] Starting CommunityApplication using Java 17.0.8 with PID 17337 (/Users/qianlong/Git/Study/project/work/niuke-project/community/target/classes started by qianlong in /Users/qianlong/Git/Study/project/work/niuke-project)
2023-12-26 20:59:28,027 INFO [restartedMain] c.b.CommunityApplication [SpringApplication.java:653] No active profile set, falling back to 1 default profile: "default"
2023-12-26 20:59:28,141 INFO [restartedMain] o.s.b.w.e.t.TomcatWebServer [TomcatWebServer.java:108] Tomcat initialized with port 8080 (http)
2023-12-26 20:59:28,141 INFO [restartedMain] o.a.c.h.Http11NioProtocol [DirectJDKLog.java:173] Initializing ProtocolHandler ["http-nio-8080"]
2023-12-26 20:59:28,141 INFO [restartedMain] o.a.c.c.StandardService [DirectJDKLog.java:173] Starting service [Tomcat]
2023-12-26 20:59:28,141 INFO [restartedMain] o.a.c.c.StandardEngine [DirectJDKLog.java:173] Starting Servlet engine: [Apache Tomcat/10.1.16]
2023-12-26 20:59:28,147 INFO [restartedMain] o.a.c.c.C.[.[.[/community] [DirectJDKLog.java:173] Initializing Spring embedded WebApplicationContext
2023-12-26 20:59:28,147 INFO [restartedMain] o.s.b.w.s.c.ServletWebServerApplicationContext [ServletWebServerApplicationContext.java:296] Root WebApplicationContext: initialization completed in 120 ms
2023-12-26 20:59:28,189 INFO [restartedMain] o.s.b.a.w.s.WelcomePageHandlerMapping [WelcomePageHandlerMapping.java:59] Adding welcome page template: index
2023-12-26 20:59:28,229 INFO [restartedMain] o.s.b.d.a.OptionalLiveReloadServer [OptionalLiveReloadServer.java:59] LiveReload server is running on port 35729
2023-12-26 20:59:28,235 INFO [restartedMain] o.a.c.h.Http11NioProtocol [DirectJDKLog.java:173] Starting ProtocolHandler ["http-nio-8080"]
2023-12-26 20:59:28,236 INFO [restartedMain] o.s.b.w.e.t.TomcatWebServer [TomcatWebServer.java:221] Tomcat started on port 8080 (http) with context path '/community'
2023-12-26 20:59:28,239 INFO [restartedMain] c.b.CommunityApplication [StartupInfoLogger.java:56] Started CommunityApplication in 0.228 seconds (process running for 815.745)
2023-12-26 20:59:28,239 INFO [restartedMain] o.s.b.d.a.ConditionEvaluationDeltaLoggingListener [ConditionEvaluationDeltaLoggingListener.java:63] Condition evaluation unchanged
2023-12-26 21:01:26,351 INFO [File Watcher] o.s.b.d.a.LocalDevToolsAutoConfiguration$RestartingClassPathChangeChangedEventListener [LocalDevToolsAutoConfiguration.java:211] Restarting due to 1 class path change (0 additions, 0 deletions, 1 modification)
2023-12-26 21:01:26,370 INFO [Thread-31] o.a.c.h.Http11NioProtocol [DirectJDKLog.java:173] Stopping ProtocolHandler ["http-nio-8080"]
2023-12-26 21:01:26,439 INFO [restartedMain] c.b.CommunityApplication [StartupInfoLogger.java:50] Starting CommunityApplication using Java 17.0.8 with PID 17337 (/Users/qianlong/Git/Study/project/work/niuke-project/community/target/classes started by qianlong in /Users/qianlong/Git/Study/project/work/niuke-project)
2023-12-26 21:01:26,439 INFO [restartedMain] c.b.CommunityApplication [SpringApplication.java:653] No active profile set, falling back to 1 default profile: "default"
2023-12-26 21:01:26,545 INFO [restartedMain] o.s.b.w.e.t.TomcatWebServer [TomcatWebServer.java:108] Tomcat initialized with port 8080 (http)
2023-12-26 21:01:26,545 INFO [restartedMain] o.a.c.h.Http11NioProtocol [DirectJDKLog.java:173] Initializing ProtocolHandler ["http-nio-8080"]
2023-12-26 21:01:26,545 INFO [restartedMain] o.a.c.c.StandardService [DirectJDKLog.java:173] Starting service [Tomcat]
2023-12-26 21:01:26,545 INFO [restartedMain] o.a.c.c.StandardEngine [DirectJDKLog.java:173] Starting Servlet engine: [Apache Tomcat/10.1.16]
2023-12-26 21:01:26,550 INFO [restartedMain] o.a.c.c.C.[.[.[/community] [DirectJDKLog.java:173] Initializing Spring embedded WebApplicationContext
2023-12-26 21:01:26,551 INFO [restartedMain] o.s.b.w.s.c.ServletWebServerApplicationContext [ServletWebServerApplicationContext.java:296] Root WebApplicationContext: initialization completed in 110 ms
2023-12-26 21:01:26,584 INFO [restartedMain] o.s.b.a.w.s.WelcomePageHandlerMapping [WelcomePageHandlerMapping.java:59] Adding welcome page template: index
2023-12-26 21:01:26,617 INFO [restartedMain] o.s.b.d.a.OptionalLiveReloadServer [OptionalLiveReloadServer.java:59] LiveReload server is running on port 35729
2023-12-26 21:01:26,621 INFO [restartedMain] o.a.c.h.Http11NioProtocol [DirectJDKLog.java:173] Starting ProtocolHandler ["http-nio-8080"]
2023-12-26 21:01:26,622 INFO [restartedMain] o.s.b.w.e.t.TomcatWebServer [TomcatWebServer.java:221] Tomcat started on port 8080 (http) with context path '/community'
2023-12-26 21:01:26,624 INFO [restartedMain] c.b.CommunityApplication [StartupInfoLogger.java:56] Started CommunityApplication in 0.199 seconds (process running for 934.129)
2023-12-26 21:01:26,624 INFO [restartedMain] o.s.b.d.a.ConditionEvaluationDeltaLoggingListener [ConditionEvaluationDeltaLoggingListener.java:63] Condition evaluation unchanged
2023-12-26 21:01:38,203 INFO [File Watcher] o.s.b.d.a.LocalDevToolsAutoConfiguration$RestartingClassPathChangeChangedEventListener [LocalDevToolsAutoConfiguration.java:211] Restarting due to 1 class path change (0 additions, 0 deletions, 1 modification)
2023-12-26 21:01:38,213 INFO [Thread-35] o.a.c.h.Http11NioProtocol [DirectJDKLog.java:173] Stopping ProtocolHandler ["http-nio-8080"]
2023-12-26 21:01:38,291 INFO [restartedMain] c.b.CommunityApplication [StartupInfoLogger.java:50] Starting CommunityApplication using Java 17.0.8 with PID 17337 (/Users/qianlong/Git/Study/project/work/niuke-project/community/target/classes started by qianlong in /Users/qianlong/Git/Study/project/work/niuke-project)
2023-12-26 21:01:38,291 INFO [restartedMain] c.b.CommunityApplication [SpringApplication.java:653] No active profile set, falling back to 1 default profile: "default"
2023-12-26 21:01:38,387 INFO [restartedMain] o.s.b.w.e.t.TomcatWebServer [TomcatWebServer.java:108] Tomcat initialized with port 8080 (http)
2023-12-26 21:01:38,387 INFO [restartedMain] o.a.c.h.Http11NioProtocol [DirectJDKLog.java:173] Initializing ProtocolHandler ["http-nio-8080"]
2023-12-26 21:01:38,387 INFO [restartedMain] o.a.c.c.StandardService [DirectJDKLog.java:173] Starting service [Tomcat]
2023-12-26 21:01:38,387 INFO [restartedMain] o.a.c.c.StandardEngine [DirectJDKLog.java:173] Starting Servlet engine: [Apache Tomcat/10.1.16]
2023-12-26 21:01:38,394 INFO [restartedMain] o.a.c.c.C.[.[.[/community] [DirectJDKLog.java:173] Initializing Spring embedded WebApplicationContext
2023-12-26 21:01:38,394 INFO [restartedMain] o.s.b.w.s.c.ServletWebServerApplicationContext [ServletWebServerApplicationContext.java:296] Root WebApplicationContext: initialization completed in 102 ms
2023-12-26 21:01:38,426 INFO [restartedMain] o.s.b.a.w.s.WelcomePageHandlerMapping [WelcomePageHandlerMapping.java:59] Adding welcome page template: index
2023-12-26 21:01:38,460 INFO [restartedMain] o.s.b.d.a.OptionalLiveReloadServer [OptionalLiveReloadServer.java:59] LiveReload server is running on port 35729
2023-12-26 21:01:38,465 INFO [restartedMain] o.a.c.h.Http11NioProtocol [DirectJDKLog.java:173] Starting ProtocolHandler ["http-nio-8080"]
2023-12-26 21:01:38,465 INFO [restartedMain] o.s.b.w.e.t.TomcatWebServer [TomcatWebServer.java:221] Tomcat started on port 8080 (http) with context path '/community'
2023-12-26 21:01:38,467 INFO [restartedMain] c.b.CommunityApplication [StartupInfoLogger.java:56] Started CommunityApplication in 0.198 seconds (process running for 945.972)
2023-12-26 21:01:38,468 INFO [restartedMain] o.s.b.d.a.ConditionEvaluationDeltaLoggingListener [ConditionEvaluationDeltaLoggingListener.java:63] Condition evaluation unchanged
2023-12-26 21:02:30,641 INFO [restartedMain] c.b.CommunityApplication [StartupInfoLogger.java:50] Starting CommunityApplication using Java 17.0.8 with PID 17931 (/Users/qianlong/Git/Study/project/work/niuke-project/community/target/classes started by qianlong in /Users/qianlong/Git/Study/project/work/niuke-project)
2023-12-26 21:02:30,642 INFO [restartedMain] c.b.CommunityApplication [SpringApplication.java:653] No active profile set, falling back to 1 default profile: "default"
2023-12-26 21:02:30,680 INFO [restartedMain] o.s.b.d.e.DevToolsPropertyDefaultsPostProcessor [DeferredLog.java:252] Devtools property defaults active! Set 'spring.devtools.add-properties' to 'false' to disable
2023-12-26 21:02:30,680 INFO [restartedMain] o.s.b.d.e.DevToolsPropertyDefaultsPostProcessor [DeferredLog.java:252] For additional web related logging consider setting the 'logging.level.web' property to 'DEBUG'
2023-12-26 21:02:31,099 INFO [restartedMain] o.s.b.w.e.t.TomcatWebServer [TomcatWebServer.java:108] Tomcat initialized with port 8080 (http)
2023-12-26 21:02:31,102 INFO [restartedMain] o.a.c.h.Http11NioProtocol [DirectJDKLog.java:173] Initializing ProtocolHandler ["http-nio-8080"]
2023-12-26 21:02:31,103 INFO [restartedMain] o.a.c.c.StandardService [DirectJDKLog.java:173] Starting service [Tomcat]
2023-12-26 21:02:31,103 INFO [restartedMain] o.a.c.c.StandardEngine [DirectJDKLog.java:173] Starting Servlet engine: [Apache Tomcat/10.1.16]
2023-12-26 21:02:31,118 INFO [restartedMain] o.a.c.c.C.[.[.[/community] [DirectJDKLog.java:173] Initializing Spring embedded WebApplicationContext
2023-12-26 21:02:31,119 INFO [restartedMain] o.s.b.w.s.c.ServletWebServerApplicationContext [ServletWebServerApplicationContext.java:296] Root WebApplicationContext: initialization completed in 438 ms
2023-12-26 21:02:31,267 INFO [restartedMain] o.s.b.a.w.s.WelcomePageHandlerMapping [WelcomePageHandlerMapping.java:59] Adding welcome page template: index
2023-12-26 21:02:31,387 INFO [restartedMain] o.s.b.d.a.OptionalLiveReloadServer [OptionalLiveReloadServer.java:59] LiveReload server is running on port 35729
2023-12-26 21:02:31,396 INFO [restartedMain] o.a.c.h.Http11NioProtocol [DirectJDKLog.java:173] Starting ProtocolHandler ["http-nio-8080"]
2023-12-26 21:02:31,404 INFO [restartedMain] o.s.b.w.e.t.TomcatWebServer [TomcatWebServer.java:221] Tomcat started on port 8080 (http) with context path '/community'
2023-12-26 21:02:31,408 INFO [restartedMain] c.b.CommunityApplication [StartupInfoLogger.java:56] Started CommunityApplication in 0.988 seconds (process running for 1.231)
2023-12-26 21:02:34,273 INFO [http-nio-8080-exec-1] o.a.c.c.C.[.[.[/community] [DirectJDKLog.java:173] Initializing Spring DispatcherServlet 'dispatcherServlet'
2023-12-26 21:02:34,274 INFO [http-nio-8080-exec-1] o.s.w.s.DispatcherServlet [FrameworkServlet.java:532] Initializing Servlet 'dispatcherServlet'
2023-12-26 21:02:34,276 INFO [http-nio-8080-exec-1] o.s.w.s.DispatcherServlet [FrameworkServlet.java:554] Completed initialization in 2 ms
2023-12-26 21:02:34,300 INFO [http-nio-8080-exec-1] c.z.h.HikariDataSource [HikariDataSource.java:110] HikariPool-1 - Starting...
2023-12-26 21:02:34,568 INFO [http-nio-8080-exec-1] c.z.h.p.HikariPool [HikariPool.java:565] HikariPool-1 - Added connection com.mysql.cj.jdbc.ConnectionImpl@22d91a1f
2023-12-26 21:02:34,573 INFO [http-nio-8080-exec-1] c.z.h.HikariDataSource [HikariDataSource.java:123] HikariPool-1 - Start completed.
2023-12-26 21:05:43,940 INFO [SpringApplicationShutdownHook] c.z.h.HikariDataSource [HikariDataSource.java:350] HikariPool-1 - Shutdown initiated...
2023-12-26 21:05:44,043 INFO [SpringApplicationShutdownHook] c.z.h.HikariDataSource [HikariDataSource.java:352] HikariPool-1 - Shutdown completed.
