2024-01-11 14:29:27,694 ERROR [http-nio-8080-exec-9] c.b.c.a.ExceptionAdvice [ExceptionAdvice.java:21] 服务器发生异常:Cannot invoke "com.bigc.pojo.User.getId()" because "user" is null
2024-01-11 14:29:27,697 ERROR [http-nio-8080-exec-9] c.b.c.a.ExceptionAdvice [ExceptionAdvice.java:23] com.bigc.controller.LikeController.like(LikeController.java:38)
2024-01-11 14:29:27,698 ERROR [http-nio-8080-exec-9] c.b.c.a.ExceptionAdvice [ExceptionAdvice.java:23] java.base/jdk.internal.reflect.NativeMethodAccessorImpl.invoke0(Native Method)
2024-01-11 14:29:27,698 ERROR [http-nio-8080-exec-9] c.b.c.a.ExceptionAdvice [ExceptionAdvice.java:23] java.base/jdk.internal.reflect.NativeMethodAccessorImpl.invoke(NativeMethodAccessorImpl.java:77)
2024-01-11 14:29:27,698 ERROR [http-nio-8080-exec-9] c.b.c.a.ExceptionAdvice [ExceptionAdvice.java:23] java.base/jdk.internal.reflect.DelegatingMethodAccessorImpl.invoke(DelegatingMethodAccessorImpl.java:43)
2024-01-11 14:29:27,698 ERROR [http-nio-8080-exec-9] c.b.c.a.ExceptionAdvice [ExceptionAdvice.java:23] java.base/java.lang.reflect.Method.invoke(Method.java:568)
2024-01-11 14:29:27,698 ERROR [http-nio-8080-exec-9] c.b.c.a.ExceptionAdvice [ExceptionAdvice.java:23] org.springframework.web.method.support.InvocableHandlerMethod.doInvoke(InvocableHandlerMethod.java:190)
2024-01-11 14:29:27,698 ERROR [http-nio-8080-exec-9] c.b.c.a.ExceptionAdvice [ExceptionAdvice.java:23] org.springframework.web.method.support.InvocableHandlerMethod.invokeForRequest(InvocableHandlerMethod.java:138)
2024-01-11 14:29:27,699 ERROR [http-nio-8080-exec-9] c.b.c.a.ExceptionAdvice [ExceptionAdvice.java:23] org.springframework.web.servlet.mvc.method.annotation.ServletInvocableHandlerMethod.invokeAndHandle(ServletInvocableHandlerMethod.java:104)
2024-01-11 14:29:27,699 ERROR [http-nio-8080-exec-9] c.b.c.a.ExceptionAdvice [ExceptionAdvice.java:23] org.springframework.web.servlet.mvc.method.annotation.RequestMappingHandlerAdapter.invokeHandlerMethod(RequestMappingHandlerAdapter.java:892)
2024-01-11 14:29:27,699 ERROR [http-nio-8080-exec-9] c.b.c.a.ExceptionAdvice [ExceptionAdvice.java:23] org.springframework.web.servlet.mvc.method.annotation.RequestMappingHandlerAdapter.handleInternal(RequestMappingHandlerAdapter.java:797)
2024-01-11 14:29:27,699 ERROR [http-nio-8080-exec-9] c.b.c.a.ExceptionAdvice [ExceptionAdvice.java:23] org.springframework.web.servlet.mvc.method.AbstractHandlerMethodAdapter.handle(AbstractHandlerMethodAdapter.java:87)
2024-01-11 14:29:27,699 ERROR [http-nio-8080-exec-9] c.b.c.a.ExceptionAdvice [ExceptionAdvice.java:23] org.springframework.web.servlet.DispatcherServlet.doDispatch(DispatcherServlet.java:1039)
2024-01-11 14:29:27,699 ERROR [http-nio-8080-exec-9] c.b.c.a.ExceptionAdvice [ExceptionAdvice.java:23] org.springframework.web.servlet.DispatcherServlet.doService(DispatcherServlet.java:942)
2024-01-11 14:29:27,699 ERROR [http-nio-8080-exec-9] c.b.c.a.ExceptionAdvice [ExceptionAdvice.java:23] org.springframework.web.servlet.FrameworkServlet.processRequest(FrameworkServlet.java:1005)
2024-01-11 14:29:27,700 ERROR [http-nio-8080-exec-9] c.b.c.a.ExceptionAdvice [ExceptionAdvice.java:23] org.springframework.web.servlet.FrameworkServlet.doPost(FrameworkServlet.java:908)
2024-01-11 14:29:27,700 ERROR [http-nio-8080-exec-9] c.b.c.a.ExceptionAdvice [ExceptionAdvice.java:23] javax.servlet.http.HttpServlet.service(HttpServlet.java:660)
2024-01-11 14:29:27,700 ERROR [http-nio-8080-exec-9] c.b.c.a.ExceptionAdvice [ExceptionAdvice.java:23] org.springframework.web.servlet.FrameworkServlet.service(FrameworkServlet.java:882)
2024-01-11 14:29:27,700 ERROR [http-nio-8080-exec-9] c.b.c.a.ExceptionAdvice [ExceptionAdvice.java:23] javax.servlet.http.HttpServlet.service(HttpServlet.java:741)
2024-01-11 14:29:27,700 ERROR [http-nio-8080-exec-9] c.b.c.a.ExceptionAdvice [ExceptionAdvice.java:23] org.apache.catalina.core.ApplicationFilterChain.internalDoFilter(ApplicationFilterChain.java:231)
2024-01-11 14:29:27,700 ERROR [http-nio-8080-exec-9] c.b.c.a.ExceptionAdvice [ExceptionAdvice.java:23] org.apache.catalina.core.ApplicationFilterChain.doFilter(ApplicationFilterChain.java:166)
2024-01-11 14:29:27,700 ERROR [http-nio-8080-exec-9] c.b.c.a.ExceptionAdvice [ExceptionAdvice.java:23] org.apache.tomcat.websocket.server.WsFilter.doFilter(WsFilter.java:53)
2024-01-11 14:29:27,700 ERROR [http-nio-8080-exec-9] c.b.c.a.ExceptionAdvice [ExceptionAdvice.java:23] org.apache.catalina.core.ApplicationFilterChain.internalDoFilter(ApplicationFilterChain.java:193)
2024-01-11 14:29:27,700 ERROR [http-nio-8080-exec-9] c.b.c.a.ExceptionAdvice [ExceptionAdvice.java:23] org.apache.catalina.core.ApplicationFilterChain.doFilter(ApplicationFilterChain.java:166)
2024-01-11 14:29:27,701 ERROR [http-nio-8080-exec-9] c.b.c.a.ExceptionAdvice [ExceptionAdvice.java:23] org.springframework.web.filter.RequestContextFilter.doFilterInternal(RequestContextFilter.java:99)
2024-01-11 14:29:27,701 ERROR [http-nio-8080-exec-9] c.b.c.a.ExceptionAdvice [ExceptionAdvice.java:23] org.springframework.web.filter.OncePerRequestFilter.doFilter(OncePerRequestFilter.java:107)
2024-01-11 14:29:27,701 ERROR [http-nio-8080-exec-9] c.b.c.a.ExceptionAdvice [ExceptionAdvice.java:23] org.apache.catalina.core.ApplicationFilterChain.internalDoFilter(ApplicationFilterChain.java:193)
2024-01-11 14:29:27,701 ERROR [http-nio-8080-exec-9] c.b.c.a.ExceptionAdvice [ExceptionAdvice.java:23] org.apache.catalina.core.ApplicationFilterChain.doFilter(ApplicationFilterChain.java:166)
2024-01-11 14:29:27,701 ERROR [http-nio-8080-exec-9] c.b.c.a.ExceptionAdvice [ExceptionAdvice.java:23] org.springframework.web.filter.FormContentFilter.doFilterInternal(FormContentFilter.java:92)
2024-01-11 14:29:27,701 ERROR [http-nio-8080-exec-9] c.b.c.a.ExceptionAdvice [ExceptionAdvice.java:23] org.springframework.web.filter.OncePerRequestFilter.doFilter(OncePerRequestFilter.java:107)
2024-01-11 14:29:27,701 ERROR [http-nio-8080-exec-9] c.b.c.a.ExceptionAdvice [ExceptionAdvice.java:23] org.apache.catalina.core.ApplicationFilterChain.internalDoFilter(ApplicationFilterChain.java:193)
2024-01-11 14:29:27,701 ERROR [http-nio-8080-exec-9] c.b.c.a.ExceptionAdvice [ExceptionAdvice.java:23] org.apache.catalina.core.ApplicationFilterChain.doFilter(ApplicationFilterChain.java:166)
2024-01-11 14:29:27,701 ERROR [http-nio-8080-exec-9] c.b.c.a.ExceptionAdvice [ExceptionAdvice.java:23] org.springframework.web.filter.HiddenHttpMethodFilter.doFilterInternal(HiddenHttpMethodFilter.java:93)
2024-01-11 14:29:27,701 ERROR [http-nio-8080-exec-9] c.b.c.a.ExceptionAdvice [ExceptionAdvice.java:23] org.springframework.web.filter.OncePerRequestFilter.doFilter(OncePerRequestFilter.java:107)
2024-01-11 14:29:27,702 ERROR [http-nio-8080-exec-9] c.b.c.a.ExceptionAdvice [ExceptionAdvice.java:23] org.apache.catalina.core.ApplicationFilterChain.internalDoFilter(ApplicationFilterChain.java:193)
2024-01-11 14:29:27,702 ERROR [http-nio-8080-exec-9] c.b.c.a.ExceptionAdvice [ExceptionAdvice.java:23] org.apache.catalina.core.ApplicationFilterChain.doFilter(ApplicationFilterChain.java:166)
2024-01-11 14:29:27,702 ERROR [http-nio-8080-exec-9] c.b.c.a.ExceptionAdvice [ExceptionAdvice.java:23] org.springframework.web.filter.CharacterEncodingFilter.doFilterInternal(CharacterEncodingFilter.java:200)
2024-01-11 14:29:27,702 ERROR [http-nio-8080-exec-9] c.b.c.a.ExceptionAdvice [ExceptionAdvice.java:23] org.springframework.web.filter.OncePerRequestFilter.doFilter(OncePerRequestFilter.java:107)
2024-01-11 14:29:27,702 ERROR [http-nio-8080-exec-9] c.b.c.a.ExceptionAdvice [ExceptionAdvice.java:23] org.apache.catalina.core.ApplicationFilterChain.internalDoFilter(ApplicationFilterChain.java:193)
2024-01-11 14:29:27,702 ERROR [http-nio-8080-exec-9] c.b.c.a.ExceptionAdvice [ExceptionAdvice.java:23] org.apache.catalina.core.ApplicationFilterChain.doFilter(ApplicationFilterChain.java:166)
2024-01-11 14:29:27,702 ERROR [http-nio-8080-exec-9] c.b.c.a.ExceptionAdvice [ExceptionAdvice.java:23] org.apache.catalina.core.StandardWrapperValve.invoke(StandardWrapperValve.java:200)
2024-01-11 14:29:27,702 ERROR [http-nio-8080-exec-9] c.b.c.a.ExceptionAdvice [ExceptionAdvice.java:23] org.apache.catalina.core.StandardContextValve.invoke(StandardContextValve.java:96)
2024-01-11 14:29:27,703 ERROR [http-nio-8080-exec-9] c.b.c.a.ExceptionAdvice [ExceptionAdvice.java:23] org.apache.catalina.authenticator.AuthenticatorBase.invoke(AuthenticatorBase.java:490)
2024-01-11 14:29:27,703 ERROR [http-nio-8080-exec-9] c.b.c.a.ExceptionAdvice [ExceptionAdvice.java:23] org.apache.catalina.core.StandardHostValve.invoke(StandardHostValve.java:139)
2024-01-11 14:29:27,703 ERROR [http-nio-8080-exec-9] c.b.c.a.ExceptionAdvice [ExceptionAdvice.java:23] org.apache.catalina.valves.ErrorReportValve.invoke(ErrorReportValve.java:92)
2024-01-11 14:29:27,703 ERROR [http-nio-8080-exec-9] c.b.c.a.ExceptionAdvice [ExceptionAdvice.java:23] org.apache.catalina.core.StandardEngineValve.invoke(StandardEngineValve.java:74)
2024-01-11 14:29:27,703 ERROR [http-nio-8080-exec-9] c.b.c.a.ExceptionAdvice [ExceptionAdvice.java:23] org.apache.catalina.connector.CoyoteAdapter.service(CoyoteAdapter.java:343)
2024-01-11 14:29:27,703 ERROR [http-nio-8080-exec-9] c.b.c.a.ExceptionAdvice [ExceptionAdvice.java:23] org.apache.coyote.http11.Http11Processor.service(Http11Processor.java:408)
2024-01-11 14:29:27,703 ERROR [http-nio-8080-exec-9] c.b.c.a.ExceptionAdvice [ExceptionAdvice.java:23] org.apache.coyote.AbstractProcessorLight.process(AbstractProcessorLight.java:66)
2024-01-11 14:29:27,703 ERROR [http-nio-8080-exec-9] c.b.c.a.ExceptionAdvice [ExceptionAdvice.java:23] org.apache.coyote.AbstractProtocol$ConnectionHandler.process(AbstractProtocol.java:836)
2024-01-11 14:29:27,703 ERROR [http-nio-8080-exec-9] c.b.c.a.ExceptionAdvice [ExceptionAdvice.java:23] org.apache.tomcat.util.net.NioEndpoint$SocketProcessor.doRun(NioEndpoint.java:1747)
2024-01-11 14:29:27,703 ERROR [http-nio-8080-exec-9] c.b.c.a.ExceptionAdvice [ExceptionAdvice.java:23] org.apache.tomcat.util.net.SocketProcessorBase.run(SocketProcessorBase.java:49)
2024-01-11 14:29:27,704 ERROR [http-nio-8080-exec-9] c.b.c.a.ExceptionAdvice [ExceptionAdvice.java:23] java.base/java.util.concurrent.ThreadPoolExecutor.runWorker(ThreadPoolExecutor.java:1136)
2024-01-11 14:29:27,704 ERROR [http-nio-8080-exec-9] c.b.c.a.ExceptionAdvice [ExceptionAdvice.java:23] java.base/java.util.concurrent.ThreadPoolExecutor$Worker.run(ThreadPoolExecutor.java:635)
2024-01-11 14:29:27,704 ERROR [http-nio-8080-exec-9] c.b.c.a.ExceptionAdvice [ExceptionAdvice.java:23] org.apache.tomcat.util.threads.TaskThread$WrappingRunnable.run(TaskThread.java:61)
2024-01-11 14:29:27,704 ERROR [http-nio-8080-exec-9] c.b.c.a.ExceptionAdvice [ExceptionAdvice.java:23] java.base/java.lang.Thread.run(Thread.java:833)
2024-01-11 21:13:05,830 ERROR [http-nio-8080-exec-3] c.b.c.LoginController [LoginController.java:120] 响应验证码失败:java.io.IOException: Broken pipe
2024-01-11 21:14:07,908 ERROR [http-nio-8080-exec-2] c.b.c.a.ExceptionAdvice [ExceptionAdvice.java:21] 服务器发生异常:Failed to convert value of type 'java.lang.String' to required type 'int'; nested exception is java.lang.NumberFormatException: For input string: ""
2024-01-11 21:14:07,909 ERROR [http-nio-8080-exec-2] c.b.c.a.ExceptionAdvice [ExceptionAdvice.java:23] org.springframework.web.method.annotation.AbstractNamedValueMethodArgumentResolver.resolveArgument(AbstractNamedValueMethodArgumentResolver.java:132)
2024-01-11 21:14:07,909 ERROR [http-nio-8080-exec-2] c.b.c.a.ExceptionAdvice [ExceptionAdvice.java:23] org.springframework.web.method.support.HandlerMethodArgumentResolverComposite.resolveArgument(HandlerMethodArgumentResolverComposite.java:126)
2024-01-11 21:14:07,909 ERROR [http-nio-8080-exec-2] c.b.c.a.ExceptionAdvice [ExceptionAdvice.java:23] org.springframework.web.method.support.InvocableHandlerMethod.getMethodArgumentValues(InvocableHandlerMethod.java:167)
2024-01-11 21:14:07,909 ERROR [http-nio-8080-exec-2] c.b.c.a.ExceptionAdvice [ExceptionAdvice.java:23] org.springframework.web.method.support.InvocableHandlerMethod.invokeForRequest(InvocableHandlerMethod.java:134)
2024-01-11 21:14:07,909 ERROR [http-nio-8080-exec-2] c.b.c.a.ExceptionAdvice [ExceptionAdvice.java:23] org.springframework.web.servlet.mvc.method.annotation.ServletInvocableHandlerMethod.invokeAndHandle(ServletInvocableHandlerMethod.java:104)
2024-01-11 21:14:07,910 ERROR [http-nio-8080-exec-2] c.b.c.a.ExceptionAdvice [ExceptionAdvice.java:23] org.springframework.web.servlet.mvc.method.annotation.RequestMappingHandlerAdapter.invokeHandlerMethod(RequestMappingHandlerAdapter.java:892)
2024-01-11 21:14:07,910 ERROR [http-nio-8080-exec-2] c.b.c.a.ExceptionAdvice [ExceptionAdvice.java:23] org.springframework.web.servlet.mvc.method.annotation.RequestMappingHandlerAdapter.handleInternal(RequestMappingHandlerAdapter.java:797)
2024-01-11 21:14:07,910 ERROR [http-nio-8080-exec-2] c.b.c.a.ExceptionAdvice [ExceptionAdvice.java:23] org.springframework.web.servlet.mvc.method.AbstractHandlerMethodAdapter.handle(AbstractHandlerMethodAdapter.java:87)
2024-01-11 21:14:07,910 ERROR [http-nio-8080-exec-2] c.b.c.a.ExceptionAdvice [ExceptionAdvice.java:23] org.springframework.web.servlet.DispatcherServlet.doDispatch(DispatcherServlet.java:1039)
2024-01-11 21:14:07,910 ERROR [http-nio-8080-exec-2] c.b.c.a.ExceptionAdvice [ExceptionAdvice.java:23] org.springframework.web.servlet.DispatcherServlet.doService(DispatcherServlet.java:942)
2024-01-11 21:14:07,910 ERROR [http-nio-8080-exec-2] c.b.c.a.ExceptionAdvice [ExceptionAdvice.java:23] org.springframework.web.servlet.FrameworkServlet.processRequest(FrameworkServlet.java:1005)
2024-01-11 21:14:07,910 ERROR [http-nio-8080-exec-2] c.b.c.a.ExceptionAdvice [ExceptionAdvice.java:23] org.springframework.web.servlet.FrameworkServlet.doPost(FrameworkServlet.java:908)
2024-01-11 21:14:07,910 ERROR [http-nio-8080-exec-2] c.b.c.a.ExceptionAdvice [ExceptionAdvice.java:23] javax.servlet.http.HttpServlet.service(HttpServlet.java:660)
2024-01-11 21:14:07,910 ERROR [http-nio-8080-exec-2] c.b.c.a.ExceptionAdvice [ExceptionAdvice.java:23] org.springframework.web.servlet.FrameworkServlet.service(FrameworkServlet.java:882)
2024-01-11 21:14:07,911 ERROR [http-nio-8080-exec-2] c.b.c.a.ExceptionAdvice [ExceptionAdvice.java:23] javax.servlet.http.HttpServlet.service(HttpServlet.java:741)
2024-01-11 21:14:07,911 ERROR [http-nio-8080-exec-2] c.b.c.a.ExceptionAdvice [ExceptionAdvice.java:23] org.apache.catalina.core.ApplicationFilterChain.internalDoFilter(ApplicationFilterChain.java:231)
2024-01-11 21:14:07,911 ERROR [http-nio-8080-exec-2] c.b.c.a.ExceptionAdvice [ExceptionAdvice.java:23] org.apache.catalina.core.ApplicationFilterChain.doFilter(ApplicationFilterChain.java:166)
2024-01-11 21:14:07,911 ERROR [http-nio-8080-exec-2] c.b.c.a.ExceptionAdvice [ExceptionAdvice.java:23] org.apache.tomcat.websocket.server.WsFilter.doFilter(WsFilter.java:53)
2024-01-11 21:14:07,911 ERROR [http-nio-8080-exec-2] c.b.c.a.ExceptionAdvice [ExceptionAdvice.java:23] org.apache.catalina.core.ApplicationFilterChain.internalDoFilter(ApplicationFilterChain.java:193)
2024-01-11 21:14:07,911 ERROR [http-nio-8080-exec-2] c.b.c.a.ExceptionAdvice [ExceptionAdvice.java:23] org.apache.catalina.core.ApplicationFilterChain.doFilter(ApplicationFilterChain.java:166)
2024-01-11 21:14:07,911 ERROR [http-nio-8080-exec-2] c.b.c.a.ExceptionAdvice [ExceptionAdvice.java:23] org.springframework.security.web.FilterChainProxy$VirtualFilterChain.doFilter(FilterChainProxy.java:320)
2024-01-11 21:14:07,911 ERROR [http-nio-8080-exec-2] c.b.c.a.ExceptionAdvice [ExceptionAdvice.java:23] org.springframework.security.web.access.intercept.FilterSecurityInterceptor.invoke(FilterSecurityInterceptor.java:127)
2024-01-11 21:14:07,911 ERROR [http-nio-8080-exec-2] c.b.c.a.ExceptionAdvice [ExceptionAdvice.java:23] org.springframework.security.web.access.intercept.FilterSecurityInterceptor.doFilter(FilterSecurityInterceptor.java:91)
2024-01-11 21:14:07,911 ERROR [http-nio-8080-exec-2] c.b.c.a.ExceptionAdvice [ExceptionAdvice.java:23] org.springframework.security.web.FilterChainProxy$VirtualFilterChain.doFilter(FilterChainProxy.java:334)
2024-01-11 21:14:07,912 ERROR [http-nio-8080-exec-2] c.b.c.a.ExceptionAdvice [ExceptionAdvice.java:23] org.springframework.security.web.access.ExceptionTranslationFilter.doFilter(ExceptionTranslationFilter.java:119)
2024-01-11 21:14:07,912 ERROR [http-nio-8080-exec-2] c.b.c.a.ExceptionAdvice [ExceptionAdvice.java:23] org.springframework.security.web.FilterChainProxy$VirtualFilterChain.doFilter(FilterChainProxy.java:334)
2024-01-11 21:14:07,912 ERROR [http-nio-8080-exec-2] c.b.c.a.ExceptionAdvice [ExceptionAdvice.java:23] org.springframework.security.web.session.SessionManagementFilter.doFilter(SessionManagementFilter.java:137)
2024-01-11 21:14:07,912 ERROR [http-nio-8080-exec-2] c.b.c.a.ExceptionAdvice [ExceptionAdvice.java:23] org.springframework.security.web.FilterChainProxy$VirtualFilterChain.doFilter(FilterChainProxy.java:334)
2024-01-11 21:14:07,912 ERROR [http-nio-8080-exec-2] c.b.c.a.ExceptionAdvice [ExceptionAdvice.java:23] org.springframework.security.web.authentication.AnonymousAuthenticationFilter.doFilter(AnonymousAuthenticationFilter.java:111)
2024-01-11 21:14:07,912 ERROR [http-nio-8080-exec-2] c.b.c.a.ExceptionAdvice [ExceptionAdvice.java:23] org.springframework.security.web.FilterChainProxy$VirtualFilterChain.doFilter(FilterChainProxy.java:334)
2024-01-11 21:14:07,912 ERROR [http-nio-8080-exec-2] c.b.c.a.ExceptionAdvice [ExceptionAdvice.java:23] org.springframework.security.web.servletapi.SecurityContextHolderAwareRequestFilter.doFilter(SecurityContextHolderAwareRequestFilter.java:170)
2024-01-11 21:14:07,912 ERROR [http-nio-8080-exec-2] c.b.c.a.ExceptionAdvice [ExceptionAdvice.java:23] org.springframework.security.web.FilterChainProxy$VirtualFilterChain.doFilter(FilterChainProxy.java:334)
2024-01-11 21:14:07,912 ERROR [http-nio-8080-exec-2] c.b.c.a.ExceptionAdvice [ExceptionAdvice.java:23] org.springframework.security.web.savedrequest.RequestCacheAwareFilter.doFilter(RequestCacheAwareFilter.java:63)
2024-01-11 21:14:07,913 ERROR [http-nio-8080-exec-2] c.b.c.a.ExceptionAdvice [ExceptionAdvice.java:23] org.springframework.security.web.FilterChainProxy$VirtualFilterChain.doFilter(FilterChainProxy.java:334)
2024-01-11 21:14:07,913 ERROR [http-nio-8080-exec-2] c.b.c.a.ExceptionAdvice [ExceptionAdvice.java:23] org.springframework.security.web.authentication.logout.LogoutFilter.doFilter(LogoutFilter.java:116)
2024-01-11 21:14:07,913 ERROR [http-nio-8080-exec-2] c.b.c.a.ExceptionAdvice [ExceptionAdvice.java:23] org.springframework.security.web.FilterChainProxy$VirtualFilterChain.doFilter(FilterChainProxy.java:334)
2024-01-11 21:14:07,913 ERROR [http-nio-8080-exec-2] c.b.c.a.ExceptionAdvice [ExceptionAdvice.java:23] org.springframework.security.web.header.HeaderWriterFilter.doFilterInternal(HeaderWriterFilter.java:74)
2024-01-11 21:14:07,913 ERROR [http-nio-8080-exec-2] c.b.c.a.ExceptionAdvice [ExceptionAdvice.java:23] org.springframework.web.filter.OncePerRequestFilter.doFilter(OncePerRequestFilter.java:107)
2024-01-11 21:14:07,913 ERROR [http-nio-8080-exec-2] c.b.c.a.ExceptionAdvice [ExceptionAdvice.java:23] org.springframework.security.web.FilterChainProxy$VirtualFilterChain.doFilter(FilterChainProxy.java:334)
2024-01-11 21:14:07,913 ERROR [http-nio-8080-exec-2] c.b.c.a.ExceptionAdvice [ExceptionAdvice.java:23] org.springframework.security.web.context.SecurityContextPersistenceFilter.doFilter(SecurityContextPersistenceFilter.java:105)
2024-01-11 21:14:07,913 ERROR [http-nio-8080-exec-2] c.b.c.a.ExceptionAdvice [ExceptionAdvice.java:23] org.springframework.security.web.FilterChainProxy$VirtualFilterChain.doFilter(FilterChainProxy.java:334)
2024-01-11 21:14:07,913 ERROR [http-nio-8080-exec-2] c.b.c.a.ExceptionAdvice [ExceptionAdvice.java:23] org.springframework.security.web.context.request.async.WebAsyncManagerIntegrationFilter.doFilterInternal(WebAsyncManagerIntegrationFilter.java:56)
2024-01-11 21:14:07,913 ERROR [http-nio-8080-exec-2] c.b.c.a.ExceptionAdvice [ExceptionAdvice.java:23] org.springframework.web.filter.OncePerRequestFilter.doFilter(OncePerRequestFilter.java:107)
2024-01-11 21:14:07,913 ERROR [http-nio-8080-exec-2] c.b.c.a.ExceptionAdvice [ExceptionAdvice.java:23] org.springframework.security.web.FilterChainProxy$VirtualFilterChain.doFilter(FilterChainProxy.java:334)
2024-01-11 21:14:07,914 ERROR [http-nio-8080-exec-2] c.b.c.a.ExceptionAdvice [ExceptionAdvice.java:23] org.springframework.security.web.FilterChainProxy.doFilterInternal(FilterChainProxy.java:215)
2024-01-11 21:14:07,914 ERROR [http-nio-8080-exec-2] c.b.c.a.ExceptionAdvice [ExceptionAdvice.java:23] org.springframework.security.web.FilterChainProxy.doFilter(FilterChainProxy.java:178)
2024-01-11 21:14:07,914 ERROR [http-nio-8080-exec-2] c.b.c.a.ExceptionAdvice [ExceptionAdvice.java:23] org.springframework.web.filter.DelegatingFilterProxy.invokeDelegate(DelegatingFilterProxy.java:357)
2024-01-11 21:14:07,914 ERROR [http-nio-8080-exec-2] c.b.c.a.ExceptionAdvice [ExceptionAdvice.java:23] org.springframework.web.filter.DelegatingFilterProxy.doFilter(DelegatingFilterProxy.java:270)
2024-01-11 21:14:07,914 ERROR [http-nio-8080-exec-2] c.b.c.a.ExceptionAdvice [ExceptionAdvice.java:23] org.apache.catalina.core.ApplicationFilterChain.internalDoFilter(ApplicationFilterChain.java:193)
2024-01-11 21:14:07,915 ERROR [http-nio-8080-exec-2] c.b.c.a.ExceptionAdvice [ExceptionAdvice.java:23] org.apache.catalina.core.ApplicationFilterChain.doFilter(ApplicationFilterChain.java:166)
2024-01-11 21:14:07,915 ERROR [http-nio-8080-exec-2] c.b.c.a.ExceptionAdvice [ExceptionAdvice.java:23] org.springframework.web.filter.RequestContextFilter.doFilterInternal(RequestContextFilter.java:99)
2024-01-11 21:14:07,915 ERROR [http-nio-8080-exec-2] c.b.c.a.ExceptionAdvice [ExceptionAdvice.java:23] org.springframework.web.filter.OncePerRequestFilter.doFilter(OncePerRequestFilter.java:107)
2024-01-11 21:14:07,915 ERROR [http-nio-8080-exec-2] c.b.c.a.ExceptionAdvice [ExceptionAdvice.java:23] org.apache.catalina.core.ApplicationFilterChain.internalDoFilter(ApplicationFilterChain.java:193)
2024-01-11 21:14:07,915 ERROR [http-nio-8080-exec-2] c.b.c.a.ExceptionAdvice [ExceptionAdvice.java:23] org.apache.catalina.core.ApplicationFilterChain.doFilter(ApplicationFilterChain.java:166)
2024-01-11 21:14:07,915 ERROR [http-nio-8080-exec-2] c.b.c.a.ExceptionAdvice [ExceptionAdvice.java:23] org.springframework.web.filter.FormContentFilter.doFilterInternal(FormContentFilter.java:92)
2024-01-11 21:14:07,915 ERROR [http-nio-8080-exec-2] c.b.c.a.ExceptionAdvice [ExceptionAdvice.java:23] org.springframework.web.filter.OncePerRequestFilter.doFilter(OncePerRequestFilter.java:107)
2024-01-11 21:14:07,915 ERROR [http-nio-8080-exec-2] c.b.c.a.ExceptionAdvice [ExceptionAdvice.java:23] org.apache.catalina.core.ApplicationFilterChain.internalDoFilter(ApplicationFilterChain.java:193)
2024-01-11 21:14:07,915 ERROR [http-nio-8080-exec-2] c.b.c.a.ExceptionAdvice [ExceptionAdvice.java:23] org.apache.catalina.core.ApplicationFilterChain.doFilter(ApplicationFilterChain.java:166)
2024-01-11 21:14:07,915 ERROR [http-nio-8080-exec-2] c.b.c.a.ExceptionAdvice [ExceptionAdvice.java:23] org.springframework.web.filter.HiddenHttpMethodFilter.doFilterInternal(HiddenHttpMethodFilter.java:93)
2024-01-11 21:14:07,915 ERROR [http-nio-8080-exec-2] c.b.c.a.ExceptionAdvice [ExceptionAdvice.java:23] org.springframework.web.filter.OncePerRequestFilter.doFilter(OncePerRequestFilter.java:107)
2024-01-11 21:14:07,916 ERROR [http-nio-8080-exec-2] c.b.c.a.ExceptionAdvice [ExceptionAdvice.java:23] org.apache.catalina.core.ApplicationFilterChain.internalDoFilter(ApplicationFilterChain.java:193)
2024-01-11 21:14:07,916 ERROR [http-nio-8080-exec-2] c.b.c.a.ExceptionAdvice [ExceptionAdvice.java:23] org.apache.catalina.core.ApplicationFilterChain.doFilter(ApplicationFilterChain.java:166)
2024-01-11 21:14:07,916 ERROR [http-nio-8080-exec-2] c.b.c.a.ExceptionAdvice [ExceptionAdvice.java:23] org.springframework.web.filter.CharacterEncodingFilter.doFilterInternal(CharacterEncodingFilter.java:200)
2024-01-11 21:14:07,916 ERROR [http-nio-8080-exec-2] c.b.c.a.ExceptionAdvice [ExceptionAdvice.java:23] org.springframework.web.filter.OncePerRequestFilter.doFilter(OncePerRequestFilter.java:107)
2024-01-11 21:14:07,916 ERROR [http-nio-8080-exec-2] c.b.c.a.ExceptionAdvice [ExceptionAdvice.java:23] org.apache.catalina.core.ApplicationFilterChain.internalDoFilter(ApplicationFilterChain.java:193)
2024-01-11 21:14:07,916 ERROR [http-nio-8080-exec-2] c.b.c.a.ExceptionAdvice [ExceptionAdvice.java:23] org.apache.catalina.core.ApplicationFilterChain.doFilter(ApplicationFilterChain.java:166)
2024-01-11 21:14:07,916 ERROR [http-nio-8080-exec-2] c.b.c.a.ExceptionAdvice [ExceptionAdvice.java:23] org.apache.catalina.core.StandardWrapperValve.invoke(StandardWrapperValve.java:200)
2024-01-11 21:14:07,916 ERROR [http-nio-8080-exec-2] c.b.c.a.ExceptionAdvice [ExceptionAdvice.java:23] org.apache.catalina.core.StandardContextValve.invoke(StandardContextValve.java:96)
2024-01-11 21:14:07,916 ERROR [http-nio-8080-exec-2] c.b.c.a.ExceptionAdvice [ExceptionAdvice.java:23] org.apache.catalina.authenticator.AuthenticatorBase.invoke(AuthenticatorBase.java:490)
2024-01-11 21:14:07,916 ERROR [http-nio-8080-exec-2] c.b.c.a.ExceptionAdvice [ExceptionAdvice.java:23] org.apache.catalina.core.StandardHostValve.invoke(StandardHostValve.java:139)
2024-01-11 21:14:07,917 ERROR [http-nio-8080-exec-2] c.b.c.a.ExceptionAdvice [ExceptionAdvice.java:23] org.apache.catalina.valves.ErrorReportValve.invoke(ErrorReportValve.java:92)
2024-01-11 21:14:07,917 ERROR [http-nio-8080-exec-2] c.b.c.a.ExceptionAdvice [ExceptionAdvice.java:23] org.apache.catalina.core.StandardEngineValve.invoke(StandardEngineValve.java:74)
2024-01-11 21:14:07,917 ERROR [http-nio-8080-exec-2] c.b.c.a.ExceptionAdvice [ExceptionAdvice.java:23] org.apache.catalina.connector.CoyoteAdapter.service(CoyoteAdapter.java:343)
2024-01-11 21:14:07,917 ERROR [http-nio-8080-exec-2] c.b.c.a.ExceptionAdvice [ExceptionAdvice.java:23] org.apache.coyote.http11.Http11Processor.service(Http11Processor.java:408)
2024-01-11 21:14:07,917 ERROR [http-nio-8080-exec-2] c.b.c.a.ExceptionAdvice [ExceptionAdvice.java:23] org.apache.coyote.AbstractProcessorLight.process(AbstractProcessorLight.java:66)
2024-01-11 21:14:07,917 ERROR [http-nio-8080-exec-2] c.b.c.a.ExceptionAdvice [ExceptionAdvice.java:23] org.apache.coyote.AbstractProtocol$ConnectionHandler.process(AbstractProtocol.java:836)
2024-01-11 21:14:07,917 ERROR [http-nio-8080-exec-2] c.b.c.a.ExceptionAdvice [ExceptionAdvice.java:23] org.apache.tomcat.util.net.NioEndpoint$SocketProcessor.doRun(NioEndpoint.java:1747)
2024-01-11 21:14:07,917 ERROR [http-nio-8080-exec-2] c.b.c.a.ExceptionAdvice [ExceptionAdvice.java:23] org.apache.tomcat.util.net.SocketProcessorBase.run(SocketProcessorBase.java:49)
2024-01-11 21:14:07,917 ERROR [http-nio-8080-exec-2] c.b.c.a.ExceptionAdvice [ExceptionAdvice.java:23] java.base/java.util.concurrent.ThreadPoolExecutor.runWorker(ThreadPoolExecutor.java:1136)
2024-01-11 21:14:07,917 ERROR [http-nio-8080-exec-2] c.b.c.a.ExceptionAdvice [ExceptionAdvice.java:23] java.base/java.util.concurrent.ThreadPoolExecutor$Worker.run(ThreadPoolExecutor.java:635)
2024-01-11 21:14:07,917 ERROR [http-nio-8080-exec-2] c.b.c.a.ExceptionAdvice [ExceptionAdvice.java:23] org.apache.tomcat.util.threads.TaskThread$WrappingRunnable.run(TaskThread.java:61)
2024-01-11 21:14:07,917 ERROR [http-nio-8080-exec-2] c.b.c.a.ExceptionAdvice [ExceptionAdvice.java:23] java.base/java.lang.Thread.run(Thread.java:833)
